<?xml version="1.0" encoding="UTF-8"?>
<!-- Generated by org.testng.reporters.JUnitXMLReporter -->
<testsuite hostname="WuJunhao" ignored="0" name="SeleniumTest1" tests="14" failures="6" timestamp="06 二月 2018 07:08:59 GMT" time="593.278" errors="0">
  <testcase name="applyNewCpa" time="116.191" classname="cpaTest.Cpa_001"/>
  <testcase name="applyNewCpa" time="30.041" classname="cpaTest.Cpa_002">
    <failure type="org.openqa.selenium.NoSuchFrameException" message="No frame element found by name or id moneyOutPlanFrame
Build info: version: &amp;apos;3.4.0&amp;apos;, revision: &amp;apos;unknown&amp;apos;, time: &amp;apos;unknown&amp;apos;
System info: host: &amp;apos;WUJUNHAO&amp;apos;, ip: &amp;apos;192.168.91.1&amp;apos;, os.name: &amp;apos;Windows 10&amp;apos;, os.arch: &amp;apos;amd64&amp;apos;, os.version: &amp;apos;10.0&amp;apos;, java.version: &amp;apos;1.8.0_131&amp;apos;
Driver info: driver.version: unknown">
      <![CDATA[org.openqa.selenium.NoSuchFrameException: No frame element found by name or id moneyOutPlanFrame
Build info: version: '3.4.0', revision: 'unknown', time: 'unknown'
System info: host: 'WUJUNHAO', ip: '192.168.91.1', os.name: 'Windows 10', os.arch: 'amd64', os.version: '10.0', java.version: '1.8.0_131'
Driver info: driver.version: unknown
	at org.openqa.selenium.remote.RemoteWebDriver$RemoteTargetLocator.frame(RemoteWebDriver.java:973)
	at pageObjects.PMIS_JiaFangHeTong_Page.applyNewCpa(PMIS_JiaFangHeTong_Page.java:165)
	at cpaTest.Cpa_002.applyNewCpa(Cpa_002.java:67)
... Removed 25 stack frames]]>
    </failure>
  </testcase> <!-- applyNewCpa -->
  <testcase name="applyNewCpa" time="24.948" classname="cpaTest.Cpa_003">
    <failure type="org.openqa.selenium.NoSuchFrameException" message="No frame element found by name or id moneyOutPlanFrame
Build info: version: &amp;apos;3.4.0&amp;apos;, revision: &amp;apos;unknown&amp;apos;, time: &amp;apos;unknown&amp;apos;
System info: host: &amp;apos;WUJUNHAO&amp;apos;, ip: &amp;apos;192.168.91.1&amp;apos;, os.name: &amp;apos;Windows 10&amp;apos;, os.arch: &amp;apos;amd64&amp;apos;, os.version: &amp;apos;10.0&amp;apos;, java.version: &amp;apos;1.8.0_131&amp;apos;
Driver info: driver.version: unknown">
      <![CDATA[org.openqa.selenium.NoSuchFrameException: No frame element found by name or id moneyOutPlanFrame
Build info: version: '3.4.0', revision: 'unknown', time: 'unknown'
System info: host: 'WUJUNHAO', ip: '192.168.91.1', os.name: 'Windows 10', os.arch: 'amd64', os.version: '10.0', java.version: '1.8.0_131'
Driver info: driver.version: unknown
	at org.openqa.selenium.remote.RemoteWebDriver$RemoteTargetLocator.frame(RemoteWebDriver.java:973)
	at pageObjects.PMIS_JiaFangHeTong_Page.applyNewCpa(PMIS_JiaFangHeTong_Page.java:165)
	at cpaTest.Cpa_003.applyNewCpa(Cpa_003.java:67)
... Removed 25 stack frames]]>
    </failure>
  </testcase> <!-- applyNewCpa -->
  <testcase name="applyNewCpa" time="24.75" classname="cpaTest.Cpa_004">
    <failure type="org.openqa.selenium.NoSuchFrameException" message="No frame element found by name or id moneyOutPlanFrame
Build info: version: &amp;apos;3.4.0&amp;apos;, revision: &amp;apos;unknown&amp;apos;, time: &amp;apos;unknown&amp;apos;
System info: host: &amp;apos;WUJUNHAO&amp;apos;, ip: &amp;apos;192.168.91.1&amp;apos;, os.name: &amp;apos;Windows 10&amp;apos;, os.arch: &amp;apos;amd64&amp;apos;, os.version: &amp;apos;10.0&amp;apos;, java.version: &amp;apos;1.8.0_131&amp;apos;
Driver info: driver.version: unknown">
      <![CDATA[org.openqa.selenium.NoSuchFrameException: No frame element found by name or id moneyOutPlanFrame
Build info: version: '3.4.0', revision: 'unknown', time: 'unknown'
System info: host: 'WUJUNHAO', ip: '192.168.91.1', os.name: 'Windows 10', os.arch: 'amd64', os.version: '10.0', java.version: '1.8.0_131'
Driver info: driver.version: unknown
	at org.openqa.selenium.remote.RemoteWebDriver$RemoteTargetLocator.frame(RemoteWebDriver.java:973)
	at pageObjects.PMIS_JiaFangHeTong_Page.applyNewCpa(PMIS_JiaFangHeTong_Page.java:165)
	at cpaTest.Cpa_004.applyNewCpa(Cpa_004.java:67)
... Removed 25 stack frames]]>
    </failure>
  </testcase> <!-- applyNewCpa -->
  <testcase name="applyNewCpa" time="24.761" classname="cpaTest.Cpa_005">
    <failure type="org.openqa.selenium.NoSuchFrameException" message="No frame element found by name or id moneyOutPlanFrame
Build info: version: &amp;apos;3.4.0&amp;apos;, revision: &amp;apos;unknown&amp;apos;, time: &amp;apos;unknown&amp;apos;
System info: host: &amp;apos;WUJUNHAO&amp;apos;, ip: &amp;apos;192.168.91.1&amp;apos;, os.name: &amp;apos;Windows 10&amp;apos;, os.arch: &amp;apos;amd64&amp;apos;, os.version: &amp;apos;10.0&amp;apos;, java.version: &amp;apos;1.8.0_131&amp;apos;
Driver info: driver.version: unknown">
      <![CDATA[org.openqa.selenium.NoSuchFrameException: No frame element found by name or id moneyOutPlanFrame
Build info: version: '3.4.0', revision: 'unknown', time: 'unknown'
System info: host: 'WUJUNHAO', ip: '192.168.91.1', os.name: 'Windows 10', os.arch: 'amd64', os.version: '10.0', java.version: '1.8.0_131'
Driver info: driver.version: unknown
	at org.openqa.selenium.remote.RemoteWebDriver$RemoteTargetLocator.frame(RemoteWebDriver.java:973)
	at pageObjects.PMIS_JiaFangHeTong_Page.applyNewCpa(PMIS_JiaFangHeTong_Page.java:165)
	at cpaTest.Cpa_005.applyNewCpa(Cpa_005.java:67)
... Removed 25 stack frames]]>
    </failure>
  </testcase> <!-- applyNewCpa -->
  <testcase name="applyNewCpa" time="98.264" classname="cpaTest.Cpa_006"/>
  <testcase name="applyNewCpa" time="26.006" classname="cpaTest.Cpa_007">
    <failure type="org.openqa.selenium.NoSuchFrameException" message="No frame element found by name or id moneyOutPlanFrame
Build info: version: &amp;apos;3.4.0&amp;apos;, revision: &amp;apos;unknown&amp;apos;, time: &amp;apos;unknown&amp;apos;
System info: host: &amp;apos;WUJUNHAO&amp;apos;, ip: &amp;apos;192.168.91.1&amp;apos;, os.name: &amp;apos;Windows 10&amp;apos;, os.arch: &amp;apos;amd64&amp;apos;, os.version: &amp;apos;10.0&amp;apos;, java.version: &amp;apos;1.8.0_131&amp;apos;
Driver info: driver.version: unknown">
      <![CDATA[org.openqa.selenium.NoSuchFrameException: No frame element found by name or id moneyOutPlanFrame
Build info: version: '3.4.0', revision: 'unknown', time: 'unknown'
System info: host: 'WUJUNHAO', ip: '192.168.91.1', os.name: 'Windows 10', os.arch: 'amd64', os.version: '10.0', java.version: '1.8.0_131'
Driver info: driver.version: unknown
	at org.openqa.selenium.remote.RemoteWebDriver$RemoteTargetLocator.frame(RemoteWebDriver.java:973)
	at pageObjects.PMIS_JiaFangHeTong_Page.applyNewCpa(PMIS_JiaFangHeTong_Page.java:165)
	at cpaTest.Cpa_007.applyNewCpa(Cpa_007.java:67)
... Removed 25 stack frames]]>
    </failure>
  </testcase> <!-- applyNewCpa -->
  <testcase name="applyNewCpa" time="99.559" classname="cpaTest.Cpa_008"/>
  <testcase name="applyNewCpa" time="24.516" classname="cpaTest.Cpa_009">
    <failure type="org.openqa.selenium.NoSuchFrameException" message="No frame element found by name or id moneyOutPlanFrame
Build info: version: &amp;apos;3.4.0&amp;apos;, revision: &amp;apos;unknown&amp;apos;, time: &amp;apos;unknown&amp;apos;
System info: host: &amp;apos;WUJUNHAO&amp;apos;, ip: &amp;apos;192.168.91.1&amp;apos;, os.name: &amp;apos;Windows 10&amp;apos;, os.arch: &amp;apos;amd64&amp;apos;, os.version: &amp;apos;10.0&amp;apos;, java.version: &amp;apos;1.8.0_131&amp;apos;
Driver info: driver.version: unknown">
      <![CDATA[org.openqa.selenium.NoSuchFrameException: No frame element found by name or id moneyOutPlanFrame
Build info: version: '3.4.0', revision: 'unknown', time: 'unknown'
System info: host: 'WUJUNHAO', ip: '192.168.91.1', os.name: 'Windows 10', os.arch: 'amd64', os.version: '10.0', java.version: '1.8.0_131'
Driver info: driver.version: unknown
	at org.openqa.selenium.remote.RemoteWebDriver$RemoteTargetLocator.frame(RemoteWebDriver.java:973)
	at pageObjects.PMIS_JiaFangHeTong_Page.applyNewCpa(PMIS_JiaFangHeTong_Page.java:165)
	at cpaTest.Cpa_009.applyNewCpa(Cpa_009.java:58)
... Removed 25 stack frames]]>
    </failure>
  </testcase> <!-- applyNewCpa -->
  <testcase name="shenpi_dept" time="16.462" classname="cpaTest.Cpa_009"/>
  <testcase name="shenpi_fw" time="16.47" classname="cpaTest.Cpa_009"/>
  <testcase name="shenpi_sybzjl" time="16.528" classname="cpaTest.Cpa_009"/>
  <testcase name="shenpi_sybdsz" time="16.518" classname="cpaTest.Cpa_009"/>
  <testcase name="shenpi_fg" time="16.411" classname="cpaTest.Cpa_009"/>
</testsuite> <!-- SeleniumTest1 -->
